<?xml version="1.0" encoding="UTF-8"?>
<!-- Generated by org.testng.reporters.JUnitReportReporter -->
<testsuite hostname="DESKTOP-G87HA0I" failures="0" tests="2" name="testcases.LoginTest" time="7.515" errors="0" timestamp="2023-03-02T08:41:38 IST" skipped="0">
  <testcase classname="testcases.LoginTest" name="loginToApplication" time="2.756"/>
  <system-out/>
  <testcase classname="testcases.LoginTest" name="loginToApplication" time="4.759"/>
  <system-out/>
</testsuite> <!-- testcases.LoginTest -->
